[2017-05-29 13:04:44] my_logger.INFO: Genero Home [] []
[2017-05-29 13:04:45] my_logger.INFO: Cancellazione Post [] []
[2017-05-29 13:04:46] my_logger.INFO: Invio dati  Post cancellato al server [] []
[2017-05-29 13:04:46] my_logger.INFO: Genero Home [] []
[2017-05-29 13:05:16] my_logger.INFO: Genero Home [] []
[2017-05-29 13:05:18] my_logger.INFO: Cancellazione Post [] []
[2017-05-29 13:05:19] my_logger.INFO: Invio dati  Post cancellato al server [] []
[2017-05-29 13:05:23] my_logger.INFO: Genero Home [] []
[2017-05-29 13:05:47] my_logger.INFO: Cancellazione Post [] []
[2017-05-29 13:05:48] my_logger.INFO: Invio dati  Post cancellato al server [] []
[2017-05-29 13:06:04] my_logger.INFO: Invio dati  Post cancellato al server [] []
[2017-05-29 13:06:12] my_logger.INFO: Invio dati  Post cancellato al server [] []
[2017-05-29 13:06:20] my_logger.INFO: Invio dati  Post cancellato al server [] []
[2017-05-29 13:06:21] my_logger.INFO: Genero Home [] []
[2017-05-29 13:06:22] my_logger.INFO: Cancellazione Post [] []
[2017-05-29 13:06:24] my_logger.INFO: Invio dati  Post cancellato al server [] []
[2017-05-29 13:06:24] my_logger.INFO: Genero Home [] []
[2017-05-29 13:06:29] my_logger.INFO: Cancellazione Post [] []
[2017-05-29 13:06:30] my_logger.INFO: Invio dati  Post cancellato al server [] []
[2017-05-29 13:06:48] my_logger.INFO: Invio dati  Post cancellato al server [] []
[2017-05-29 13:06:48] my_logger.INFO: Genero Home [] []
[2017-05-29 13:06:51] my_logger.INFO: Cancellazione Post [] []
[2017-05-29 13:06:52] my_logger.INFO: Invio dati  Post cancellato al server [] []
[2017-05-29 13:06:52] my_logger.INFO: Genero Home [] []
[2017-05-29 13:07:01] my_logger.INFO: Cancellazione Post [] []
[2017-05-29 13:07:11] my_logger.INFO: Invio dati  Post cancellato al server [] []
[2017-05-29 13:07:11] my_logger.INFO: Genero Home [] []
[2017-05-29 13:08:15] my_logger.INFO: Genero Home [] []
[2017-05-29 13:08:17] my_logger.INFO: Cancellazione Post [] []
[2017-05-29 13:08:18] my_logger.INFO: Invio dati  Post cancellato al server [] []
[2017-05-29 13:09:45] my_logger.INFO: Cancellazione Post [] []
[2017-05-29 13:09:55] my_logger.INFO: Cancellazione Post [] []
[2017-05-29 13:09:56] my_logger.INFO: Invio dati  Post cancellato al server [] []
[2017-05-29 13:09:56] my_logger.INFO: Genero Home [] []
[2017-05-29 13:10:00] my_logger.INFO: Cancellazione Post [] []
[2017-05-29 13:10:01] my_logger.INFO: Invio dati  Post cancellato al server [] []
[2017-05-29 13:10:01] my_logger.INFO: Genero Home [] []
[2017-05-29 13:10:43] my_logger.INFO: Cancellazione Post [] []
[2017-05-29 13:10:44] my_logger.INFO: Invio dati  Post cancellato al server [] []
[2017-05-29 13:10:44] my_logger.INFO: Genero Home [] []
[2017-05-29 13:11:55] my_logger.INFO: Cancellazione Post [] []
[2017-05-29 13:11:56] my_logger.INFO: Invio dati  Post cancellato al server [] []
[2017-05-29 13:11:56] my_logger.INFO: Genero Home [] []
[2017-05-29 13:11:56] my_logger.INFO: Invio dati  Post cancellato al server [] []
[2017-05-29 13:11:56] my_logger.INFO: Genero Home [] []
[2017-05-29 13:12:48] my_logger.INFO: Visualizzo dati specifico Post [] []
[2017-05-29 13:14:51] my_logger.INFO: Cancellazione Post [] []
[2017-05-29 13:15:55] my_logger.INFO: Visualizzo dati specifico Post [] []
[2017-05-29 13:16:59] my_logger.INFO: Visualizzo dati specifico Post [] []
[2017-05-29 13:17:11] my_logger.INFO: Visualizzo dati specifico Post [] []
[2017-05-29 13:17:12] my_logger.INFO: Visualizzo dati specifico Post [] []
[2017-05-29 13:17:33] my_logger.INFO: Visualizzo dati specifico Post [] []
[2017-05-29 13:18:11] my_logger.INFO: Visualizzo dati specifico Post [] []
[2017-05-29 13:18:24] my_logger.INFO: Visualizzo dati specifico Post [] []
[2017-05-29 13:18:24] my_logger.INFO: Visualizzo dati specifico Post [] []
[2017-05-29 13:18:31] my_logger.INFO: Visualizzo dati specifico Post [] []
[2017-05-29 13:18:31] my_logger.INFO: Visualizzo dati specifico Post [] []
[2017-05-29 13:19:34] my_logger.INFO: Genero Home [] []
[2017-05-29 13:19:45] my_logger.INFO: Visualizzo dati specifico Post [] []
[2017-05-29 13:20:14] my_logger.INFO: Genero Home [] []
[2017-05-29 13:20:25] my_logger.INFO: Visualizzo dati specifico Post [] []
[2017-05-29 13:20:31] my_logger.INFO: Genero Home [] []
[2017-05-29 13:20:36] my_logger.INFO: Genero Home [] []
[2017-05-29 13:20:57] my_logger.INFO: Visualizzo dati specifico Post [] []
[2017-05-29 13:22:17] my_logger.INFO: Visualizzo dati specifico Post [] []
[2017-05-29 13:22:33] my_logger.INFO: Genero Home [] []
[2017-05-29 13:22:41] my_logger.INFO: Visualizzo dati specifico Post [] []
[2017-05-29 13:22:44] my_logger.INFO: Genero Home [] []
[2017-05-29 13:22:46] my_logger.INFO: Visualizzo dati specifico Post [] []
[2017-05-29 13:22:47] my_logger.INFO: Genero Home [] []
[2017-05-29 13:24:20] my_logger.INFO: Cancellazione Post [] []
[2017-05-29 13:24:21] my_logger.INFO: Invio dati  Post cancellato al server [] []
[2017-05-29 13:24:21] my_logger.INFO: Genero Home [] []
[2017-05-29 13:24:43] my_logger.INFO: Cancellazione Post [] []
[2017-05-29 13:24:45] my_logger.INFO: Invio dati  Post cancellato al server [] []
[2017-05-29 13:24:45] my_logger.INFO: Genero Home [] []
[2017-05-29 13:25:00] my_logger.INFO: Cancellazione Post [] []
[2017-05-29 13:26:05] my_logger.INFO: Cancellazione Post [] []
[2017-05-29 13:26:13] my_logger.INFO: Cancellazione Post [] []
[2017-05-29 13:26:14] my_logger.INFO: Invio dati  Post cancellato al server [] []
[2017-05-29 13:26:14] my_logger.INFO: Genero Home [] []
[2017-05-29 13:26:17] my_logger.INFO: Cancellazione Post [] []
[2017-05-29 13:26:18] my_logger.INFO: Invio dati  Post cancellato al server [] []
[2017-05-29 13:26:18] my_logger.INFO: Genero Home [] []
[2017-05-29 13:26:23] my_logger.INFO: Cancellazione Post [] []
[2017-05-29 13:26:24] my_logger.INFO: Invio dati  Post cancellato al server [] []
[2017-05-29 13:26:24] my_logger.INFO: Genero Home [] []
[2017-05-29 13:28:10] my_logger.INFO: Cancellazione Post [] []
[2017-05-29 13:28:11] my_logger.INFO: Invio dati  Post cancellato al server [] []
[2017-05-29 13:28:11] my_logger.INFO: Genero Home [] []
[2017-05-29 13:28:33] my_logger.INFO: Genero Home [] []
[2017-05-29 13:28:33] my_logger.INFO: Genero Home [] []
[2017-05-29 13:28:34] my_logger.INFO: Cancellazione Post [] []
[2017-05-29 13:28:35] my_logger.INFO: Invio dati  Post cancellato al server [] []
[2017-05-29 13:29:30] my_logger.INFO: Genero Home [] []
[2017-05-29 13:29:33] my_logger.INFO: Genero Pagina Modifica Post [] []
[2017-05-29 13:29:35] my_logger.INFO: Invio dati  Post modificato al server [] []
[2017-05-29 13:29:42] my_logger.INFO: Genero Pagina Modifica Post [] []
[2017-05-29 13:29:47] my_logger.INFO: Genero Pagina Modifica Post [] []
[2017-05-29 13:29:48] my_logger.INFO: Invio dati  Post modificato al server [] []
[2017-05-29 13:29:50] my_logger.INFO: Genero Pagina Modifica Post [] []
[2017-05-29 13:30:49] my_logger.INFO: Genero Home [] []
[2017-05-29 13:30:52] my_logger.INFO: Cancellazione Post [] []
[2017-05-29 13:30:53] my_logger.INFO: Invio dati  Post cancellato al server [] []
[2017-05-29 13:30:53] my_logger.INFO: Genero Home [] []
[2017-05-29 13:32:53] my_logger.INFO: Genero Home [] []
[2017-05-29 13:32:54] my_logger.INFO: Cancellazione Post [] []
[2017-05-29 13:32:56] my_logger.INFO: Invio dati  Post cancellato al server [] []
[2017-05-29 13:33:21] my_logger.INFO: Genero Home [] []
[2017-05-29 13:33:24] my_logger.INFO: Genero Pagina Modifica Post [] []
[2017-05-29 13:33:25] my_logger.INFO: Invio dati  Post modificato al server [] []
[2017-05-29 13:35:28] my_logger.INFO: Genero Pagina Modifica Post [] []
[2017-05-29 13:35:32] my_logger.INFO: Cancellazione Post [] []
[2017-05-29 13:35:33] my_logger.INFO: Invio dati  Post cancellato al server [] []
[2017-05-29 13:36:13] my_logger.INFO: Cancellazione Post [] []
[2017-05-29 13:36:15] my_logger.INFO: Invio dati  Post cancellato al server [] []
[2017-05-29 13:37:26] my_logger.INFO: Cancellazione Post [] []
[2017-05-29 13:37:59] my_logger.INFO: Cancellazione Post [] []
[2017-05-29 13:38:14] my_logger.INFO: Cancellazione Post [] []
[2017-05-29 13:38:14] my_logger.INFO: Cancellazione Post [] []
[2017-05-29 13:38:19] my_logger.INFO: Invio dati  Post cancellato al server [] []
[2017-05-29 13:38:31] my_logger.INFO: Cancellazione Post [] []
[2017-05-29 13:38:37] my_logger.INFO: Genero Home [] []
[2017-05-29 13:38:41] my_logger.INFO: Cancellazione Post [] []
[2017-05-29 13:38:42] my_logger.INFO: Invio dati  Post cancellato al server [] []
[2017-05-29 13:38:42] my_logger.INFO: Genero Home [] []
[2017-05-29 13:38:45] my_logger.INFO: Cancellazione Post [] []
[2017-05-29 13:38:46] my_logger.INFO: Invio dati  Post cancellato al server [] []
[2017-05-29 13:38:46] my_logger.INFO: Genero Home [] []
[2017-05-29 13:38:48] my_logger.INFO: Cancellazione Post [] []
[2017-05-29 13:38:49] my_logger.INFO: Invio dati  Post cancellato al server [] []
[2017-05-29 13:38:49] my_logger.INFO: Genero Home [] []
[2017-05-29 13:38:51] my_logger.INFO: Cancellazione Post [] []
[2017-05-29 13:38:52] my_logger.INFO: Invio dati  Post cancellato al server [] []
[2017-05-29 13:38:52] my_logger.INFO: Genero Home [] []
[2017-05-29 13:38:54] my_logger.INFO: Cancellazione Post [] []
[2017-05-29 13:38:55] my_logger.INFO: Invio dati  Post cancellato al server [] []
[2017-05-29 13:38:55] my_logger.INFO: Genero Home [] []
[2017-05-29 13:39:00] my_logger.INFO: Cancellazione Post [] []
[2017-05-29 13:39:02] my_logger.INFO: Invio dati  Post cancellato al server [] []
[2017-05-29 13:39:02] my_logger.INFO: Genero Home [] []
[2017-05-29 13:39:04] my_logger.INFO: Cancellazione Post [] []
[2017-05-29 13:39:05] my_logger.INFO: Invio dati  Post cancellato al server [] []
[2017-05-29 13:39:05] my_logger.INFO: Genero Home [] []
[2017-06-09 08:22:05] my_logger.INFO: Genero Home [] []
[2017-06-09 08:25:25] my_logger.INFO: Genero Home [] []
[2017-06-09 08:25:28] my_logger.INFO: Genero Home [] []
[2017-06-09 08:25:29] my_logger.INFO: Genero Pagina Creazione Post [] []
[2017-06-09 08:25:36] my_logger.INFO: Invio dati nuovo Post al server [] []
[2017-06-09 08:25:36] my_logger.INFO: Genero Home [] []
[2017-06-09 08:25:37] my_logger.INFO: Genero Pagina Modifica Post [] []
[2017-06-09 08:25:42] my_logger.INFO: Invio dati  Post modificato al server [] []
[2017-06-09 08:25:42] my_logger.INFO: Genero Home [] []
[2017-06-09 08:27:37] my_logger.INFO: Genero Home [] []
[2017-06-09 08:27:39] my_logger.INFO: Genero Pagina Modifica Post [] []
[2017-06-09 08:27:42] my_logger.INFO: Invio dati  Post modificato al server [] []
[2017-06-09 08:27:42] my_logger.INFO: Genero Home [] []
[2017-06-09 08:33:24] my_logger.INFO: Genero Home [] []
[2017-06-09 08:33:26] my_logger.INFO: Genero Home [] []
[2017-06-09 08:33:29] my_logger.INFO: Genero Pagina Modifica Post [] []
[2017-06-09 08:34:33] my_logger.INFO: Genero Pagina Modifica Post [] []
[2017-06-09 08:34:39] my_logger.INFO: Invio dati  Post modificato al server [] []
[2017-06-09 08:34:39] my_logger.INFO: Genero Home [] []
[2017-06-09 08:38:04] my_logger.INFO: Genero Home [] []
[2017-06-09 08:38:05] my_logger.INFO: Genero Pagina Modifica Post [] []
[2017-06-09 08:39:48] my_logger.INFO: Genero Pagina Modifica Post [] []
[2017-06-09 08:39:51] my_logger.INFO: Genero Pagina Modifica Post [] []
[2017-06-09 08:40:51] my_logger.INFO: Genero Pagina Modifica Post [] []
[2017-06-09 08:43:59] my_logger.INFO: Genero Home [] []
[2017-06-09 08:44:00] my_logger.INFO: Genero Pagina Modifica Post [] []
[2017-06-09 08:48:30] my_logger.INFO: Genero Pagina Modifica Post [] []
[2017-06-09 08:48:32] my_logger.INFO: Genero Home [] []
[2017-06-09 08:48:35] my_logger.INFO: Genero Home [] []
[2017-06-09 08:48:37] my_logger.INFO: Genero Pagina Creazione Post [] []
[2017-06-09 08:48:40] my_logger.INFO: Invio dati nuovo Post al server [] []
[2017-06-09 08:48:40] my_logger.INFO: Genero Home [] []
[2017-06-09 08:52:54] my_logger.INFO: Genero Pagina Modifica Post [] []
[2017-06-09 08:52:55] my_logger.INFO: Invio dati  Post modificato al server [] []
[2017-06-09 08:52:55] my_logger.INFO: Genero Home [] []
[2017-06-09 08:52:57] my_logger.INFO: Genero Pagina Creazione Post [] []
[2017-06-09 08:52:59] my_logger.INFO: Invio dati nuovo Post al server [] []
[2017-06-09 08:52:59] my_logger.INFO: Genero Home [] []
[2017-06-09 09:12:38] my_logger.INFO: Genero Home [] []
[2017-06-09 09:12:46] my_logger.INFO: Genero Home [] []
[2017-06-09 09:13:38] my_logger.INFO: Genero Home [] []
[2017-06-09 09:13:45] my_logger.INFO: Genero Home [] []
[2017-06-09 09:14:37] my_logger.INFO: Genero Home [] []
[2017-06-09 09:14:39] my_logger.INFO: Genero Home [] []
[2017-06-09 09:15:42] my_logger.INFO: Genero Home [] []
[2017-06-09 09:15:52] my_logger.INFO: Genero Home [] []
[2017-06-09 09:15:53] my_logger.INFO: Genero Home [] []
[2017-06-09 09:16:02] my_logger.INFO: Genero Home [] []
[2017-06-09 09:16:08] my_logger.INFO: Genero Home [] []
[2017-06-09 09:25:45] my_logger.INFO: Genero Home [] []
[2017-06-09 09:25:46] my_logger.INFO: Genero Home [] []
[2017-06-09 09:25:51] my_logger.INFO: Genero Home [] []
[2017-06-09 09:25:55] my_logger.INFO: Genero Home [] []
[2017-06-09 09:28:46] my_logger.INFO: Genero Home [] []
[2017-06-09 09:29:00] my_logger.INFO: Genero Home [] []
[2017-06-09 09:32:35] my_logger.INFO: Genero Home [] []
[2017-06-09 09:32:36] my_logger.INFO: Genero Home [] []
[2017-06-09 09:32:36] my_logger.INFO: Genero Home [] []
[2017-06-09 09:36:05] my_logger.INFO: Genero Home [] []
[2017-06-09 09:40:40] my_logger.INFO: Genero Home [] []
[2017-06-09 09:50:23] my_logger.INFO: Genero Home [] []
[2017-06-09 09:50:24] my_logger.INFO: Genero Pagina Creazione Post [] []
[2017-06-09 09:50:27] my_logger.INFO: Invio dati nuovo Post al server [] []
[2017-06-09 09:50:27] my_logger.INFO: Genero Home [] []
[2017-06-09 09:50:28] my_logger.INFO: Genero Pagina Creazione Post [] []
[2017-06-09 09:50:32] my_logger.INFO: Invio dati nuovo Post al server [] []
[2017-06-09 09:50:32] my_logger.INFO: Genero Home [] []
[2017-06-09 09:52:15] my_logger.INFO: Genero Home [] []
[2017-06-09 09:52:16] my_logger.INFO: Genero Pagina Creazione Post [] []
[2017-06-09 09:52:19] my_logger.INFO: Invio dati nuovo Post al server [] []
[2017-06-09 09:52:19] my_logger.INFO: Genero Home [] []
[2017-06-09 09:54:36] my_logger.INFO: Genero Pagina Modifica Post [] []
[2017-06-09 09:54:39] my_logger.INFO: Invio dati  Post modificato al server [] []
[2017-06-09 09:54:39] my_logger.INFO: Genero Home [] []
[2017-06-09 09:56:45] my_logger.INFO: Genero Pagina Modifica Post [] []
[2017-06-09 09:56:47] my_logger.INFO: Invio dati  Post modificato al server [] []
[2017-06-09 09:56:47] my_logger.INFO: Genero Home [] []
[2017-06-09 10:02:38] my_logger.INFO: Genero Home [] []
[2017-06-09 10:02:41] my_logger.INFO: Cancellazione Post [] []
[2017-06-09 10:02:42] my_logger.INFO: Invio dati  Post cancellato al server [] []
[2017-06-09 10:02:42] my_logger.INFO: Genero Home [] []
[2017-06-09 10:02:44] my_logger.INFO: Cancellazione Post [] []
[2017-06-09 10:02:45] my_logger.INFO: Invio dati  Post cancellato al server [] []
[2017-06-09 10:02:45] my_logger.INFO: Genero Home [] []
[2017-06-09 10:02:47] my_logger.INFO: Genero Home [] []
[2017-06-09 10:05:09] my_logger.INFO: Genero Pagina Creazione Post [] []
[2017-06-09 10:05:11] my_logger.INFO: Invio dati nuovo Post al server [] []
[2017-06-09 10:05:11] my_logger.INFO: Genero Home [] []
[2017-06-09 10:08:12] my_logger.INFO: Genero Pagina Creazione Post [] []
[2017-06-09 10:08:14] my_logger.INFO: Invio dati nuovo Post al server [] []
[2017-06-09 10:08:14] my_logger.INFO: Genero Home [] []
[2017-06-09 10:09:43] my_logger.INFO: Genero Pagina Creazione Post [] []
[2017-06-09 10:09:45] my_logger.INFO: Invio dati nuovo Post al server [] []
[2017-06-09 10:09:45] my_logger.INFO: Genero Home [] []
[2017-06-09 10:11:29] my_logger.INFO: Genero Pagina Creazione Post [] []
[2017-06-09 10:11:31] my_logger.INFO: Invio dati nuovo Post al server [] []
[2017-06-09 10:11:31] my_logger.INFO: Genero Home [] []
[2017-06-09 10:11:34] my_logger.INFO: Genero Pagina Modifica Post [] []
[2017-06-09 10:11:36] my_logger.INFO: Invio dati  Post modificato al server [] []
[2017-06-09 10:11:36] my_logger.INFO: Genero Home [] []
[2017-06-09 10:11:38] my_logger.INFO: Cancellazione Post [] []
[2017-06-09 10:11:40] my_logger.INFO: Invio dati  Post cancellato al server [] []
[2017-06-09 10:11:40] my_logger.INFO: Genero Home [] []
[2017-06-09 10:11:44] my_logger.INFO: Cancellazione Post [] []
[2017-06-09 10:11:45] my_logger.INFO: Invio dati  Post cancellato al server [] []
[2017-06-09 10:11:45] my_logger.INFO: Genero Home [] []
[2017-06-09 10:20:28] my_logger.INFO: Genero Pagina Creazione Post [] []
[2017-06-09 10:20:33] my_logger.INFO: Invio dati nuovo Post al server [] []
[2017-06-09 10:20:33] my_logger.INFO: Genero Home [] []
[2017-06-09 11:22:36] my_logger.INFO: Genero Home [] []
[2017-06-09 11:22:54] my_logger.INFO: Genero Pagina Creazione Post [] []
[2017-06-09 11:22:58] my_logger.INFO: Invio dati nuovo Post al server [] []
[2017-06-09 11:22:58] my_logger.INFO: Genero Home [] []
[2017-06-09 11:23:00] my_logger.INFO: Genero Pagina Creazione Post [] []
[2017-06-09 11:23:04] my_logger.INFO: Invio dati nuovo Post al server [] []
[2017-06-09 11:23:04] my_logger.INFO: Genero Home [] []
[2017-06-09 11:48:39] my_logger.INFO: Genero Home [] []
[2017-06-09 11:49:10] my_logger.INFO: Genero Home [] []
[2017-06-09 11:49:24] my_logger.INFO: Genero Home [] []
[2017-06-09 11:49:26] my_logger.INFO: Genero Home [] []
[2017-06-09 11:49:37] my_logger.INFO: Genero Home [] []
[2017-06-09 11:49:37] my_logger.INFO: Genero Home [] []
[2017-06-09 11:49:37] my_logger.INFO: Genero Home [] []
[2017-06-09 11:49:42] my_logger.INFO: Genero Home [] []
[2017-06-09 11:49:58] my_logger.INFO: Genero Home [] []
[2017-06-09 11:50:02] my_logger.INFO: Genero Pagina Creazione Post [] []
[2017-06-09 11:50:04] my_logger.INFO: Invio dati nuovo Post al server [] []
[2017-06-09 11:50:05] my_logger.INFO: Genero Home [] []
[2017-06-09 11:50:07] my_logger.INFO: Genero Pagina Modifica Post [] []
[2017-06-09 11:50:08] my_logger.INFO: Invio dati  Post modificato al server [] []
[2017-06-09 11:50:08] my_logger.INFO: Genero Home [] []
[2017-06-09 11:50:09] my_logger.INFO: Cancellazione Post [] []
[2017-06-09 11:50:10] my_logger.INFO: Invio dati  Post cancellato al server [] []
[2017-06-09 11:50:10] my_logger.INFO: Genero Home [] []
[2017-06-09 11:52:39] my_logger.INFO: Genero Home [] []
[2017-06-09 11:52:41] my_logger.INFO: Genero Home [] []
[2017-06-09 11:53:05] my_logger.INFO: Genero Home [] []
[2017-06-09 11:54:40] my_logger.INFO: Genero Home [] []
[2017-06-09 11:54:56] my_logger.INFO: Genero Home [] []
[2017-06-09 11:58:09] my_logger.INFO: Genero Home [] []
[2017-06-09 11:58:42] my_logger.INFO: Genero Home [] []
[2017-06-09 11:59:31] my_logger.INFO: Genero Pagina Modifica Post [] []
[2017-06-09 11:59:33] my_logger.INFO: Invio dati  Post modificato al server [] []
[2017-06-09 11:59:33] my_logger.INFO: Genero Home [] []
[2017-06-09 12:06:58] my_logger.INFO: Genero Home [] []
[2017-06-09 12:07:31] my_logger.INFO: Genero Home [] []
[2017-06-09 12:09:57] my_logger.INFO: Genero Home [] []
[2017-06-09 12:10:06] my_logger.INFO: Genero Home [] []
[2017-06-09 12:10:53] my_logger.INFO: Genero Home [] []
[2017-06-09 12:14:16] my_logger.INFO: Genero Home [] []
[2017-06-09 12:14:53] my_logger.INFO: Genero Home [] []
[2017-06-09 12:14:56] my_logger.INFO: Genero Home [] []
[2017-06-09 12:15:02] my_logger.INFO: Genero Home [] []
[2017-06-09 12:17:33] my_logger.INFO: Genero Home [] []
[2017-06-09 12:17:42] my_logger.INFO: Genero Home [] []
[2017-06-09 12:18:30] my_logger.INFO: Genero Home [] []
[2017-06-09 12:18:31] my_logger.INFO: Genero Home [] []
[2017-06-09 12:18:31] my_logger.INFO: Genero Home [] []
[2017-06-09 12:18:38] my_logger.INFO: Genero Home [] []
[2017-06-09 12:18:39] my_logger.INFO: Genero Home [] []
[2017-06-09 12:18:39] my_logger.INFO: Genero Home [] []
[2017-06-09 12:18:39] my_logger.INFO: Genero Home [] []
[2017-06-09 12:19:32] my_logger.INFO: Genero Home [] []
[2017-06-09 12:19:33] my_logger.INFO: Genero Home [] []
[2017-06-09 12:19:41] my_logger.INFO: Genero Home [] []
[2017-06-09 12:19:41] my_logger.INFO: Genero Home [] []
[2017-06-09 12:19:41] my_logger.INFO: Genero Home [] []
[2017-06-09 12:19:42] my_logger.INFO: Genero Home [] []
[2017-06-09 12:19:42] my_logger.INFO: Genero Home [] []
[2017-06-09 12:20:09] my_logger.INFO: Genero Home [] []
[2017-06-09 12:20:09] my_logger.INFO: Genero Home [] []
[2017-06-09 12:20:09] my_logger.INFO: Genero Home [] []
[2017-06-09 12:20:10] my_logger.INFO: Genero Home [] []
[2017-06-09 12:20:10] my_logger.INFO: Genero Home [] []
[2017-06-09 12:20:10] my_logger.INFO: Genero Home [] []
[2017-06-09 12:20:22] my_logger.INFO: Genero Home [] []
[2017-06-09 12:20:22] my_logger.INFO: Genero Home [] []
[2017-06-09 12:20:23] my_logger.INFO: Genero Home [] []
[2017-06-09 12:20:23] my_logger.INFO: Genero Home [] []
[2017-06-09 12:20:49] my_logger.INFO: Genero Home [] []
[2017-06-09 12:21:49] my_logger.INFO: Genero Home [] []
[2017-06-09 12:21:52] my_logger.INFO: Genero Home [] []
[2017-06-09 12:21:58] my_logger.INFO: Genero Home [] []
[2017-06-09 12:21:58] my_logger.INFO: Genero Home [] []
[2017-06-09 12:21:58] my_logger.INFO: Genero Home [] []
[2017-06-09 12:21:59] my_logger.INFO: Genero Home [] []
[2017-06-09 12:22:57] my_logger.INFO: Genero Home [] []
[2017-06-09 12:22:57] my_logger.INFO: Genero Home [] []
[2017-06-09 12:24:26] my_logger.INFO: Genero Home [] []
[2017-06-09 12:30:59] my_logger.INFO: Genero Home [] []
[2017-06-09 12:31:06] my_logger.INFO: Genero Home [] []
[2017-06-09 12:31:26] my_logger.INFO: Genero Home [] []
[2017-06-09 12:31:48] my_logger.INFO: Genero Home [] []
[2017-06-09 12:34:27] my_logger.INFO: Genero Home [] []
[2017-06-09 12:35:49] my_logger.INFO: Genero Home [] []
[2017-06-09 21:10:00] my_logger.INFO: Genero Home [] []
[2017-06-09 21:10:02] my_logger.INFO: Visualizzo dati specifico Post [] []
[2017-06-09 21:10:06] my_logger.INFO: Genero Home [] []
[2017-06-09 21:10:08] my_logger.INFO: Genero Pagina Modifica Post [] []
[2017-06-09 21:10:09] my_logger.INFO: Invio dati  Post modificato al server [] []
[2017-06-09 21:10:09] my_logger.INFO: Genero Home [] []
[2017-06-09 21:11:12] my_logger.INFO: Genero Home [] []
[2017-06-09 21:11:58] my_logger.INFO: Genero Home [] []
[2017-06-09 21:11:59] my_logger.INFO: Genero Home [] []
[2017-06-09 21:12:22] my_logger.INFO: Genero Home [] []
[2017-06-09 21:18:03] my_logger.INFO: Genero Home [] []
[2017-06-09 21:19:06] my_logger.INFO: Genero Home [] []
[2017-06-09 21:19:08] my_logger.INFO: Visualizzo dati specifico Post [] []
[2017-06-09 21:20:25] my_logger.INFO: Genero Home [] []
[2017-06-09 21:20:27] my_logger.INFO: Genero Home [] []
[2017-06-09 21:20:29] my_logger.INFO: Visualizzo dati specifico Post [] []
[2017-06-09 21:20:31] my_logger.INFO: Genero Home [] []
[2017-06-09 21:20:33] my_logger.INFO: Genero Pagina Modifica Post [] []
[2017-06-09 21:20:36] my_logger.INFO: Invio dati  Post modificato al server [] []
[2017-06-09 21:20:36] my_logger.INFO: Genero Home [] []
[2017-06-09 21:20:41] my_logger.INFO: Genero Pagina Modifica Post [] []
[2017-06-09 21:20:42] my_logger.INFO: Invio dati  Post modificato al server [] []
[2017-06-09 21:20:42] my_logger.INFO: Genero Home [] []
[2017-06-09 21:20:57] my_logger.INFO: Cancellazione Post [] []
[2017-06-09 21:20:58] my_logger.INFO: Invio dati  Post cancellato al server [] []
[2017-06-09 21:20:59] my_logger.INFO: Genero Home [] []
[2017-06-09 21:21:04] my_logger.INFO: Genero Pagina Modifica Post [] []
[2017-06-09 21:21:07] my_logger.INFO: Invio dati  Post modificato al server [] []
[2017-06-09 21:21:07] my_logger.INFO: Genero Home [] []
[2017-06-09 21:21:15] my_logger.INFO: Genero Pagina Creazione Post [] []
[2017-06-09 21:21:19] my_logger.INFO: Invio dati nuovo Post al server [] []
[2017-06-09 21:21:19] my_logger.INFO: Genero Home [] []
[2017-06-09 21:22:31] my_logger.INFO: Genero Home [] []
[2017-06-09 21:22:34] my_logger.INFO: Genero Pagina Creazione Post [] []
[2017-06-09 21:22:36] my_logger.INFO: Invio dati nuovo Post al server [] []
[2017-06-09 21:22:36] my_logger.INFO: Genero Home [] []
[2017-06-09 21:23:10] my_logger.INFO: Genero Home [] []
[2017-06-09 21:23:12] my_logger.INFO: Genero Pagina Creazione Post [] []
[2017-06-09 21:23:14] my_logger.INFO: Invio dati nuovo Post al server [] []
[2017-06-09 21:23:14] my_logger.INFO: Genero Home [] []
[2017-06-09 21:23:15] my_logger.INFO: Genero Pagina Modifica Post [] []
[2017-06-09 21:23:17] my_logger.INFO: Invio dati  Post modificato al server [] []
[2017-06-09 21:23:17] my_logger.INFO: Genero Home [] []
[2017-06-09 21:23:22] my_logger.INFO: Genero Pagina Modifica Post [] []
[2017-06-09 21:23:25] my_logger.INFO: Invio dati  Post modificato al server [] []
[2017-06-09 21:23:25] my_logger.INFO: Genero Home [] []
[2017-06-09 21:23:35] my_logger.INFO: Genero Pagina Modifica Post [] []
[2017-06-09 21:23:37] my_logger.INFO: Invio dati  Post modificato al server [] []
[2017-06-09 21:23:37] my_logger.INFO: Genero Home [] []
[2017-06-09 21:23:53] my_logger.INFO: Genero Home [] []
[2017-06-09 21:23:54] my_logger.INFO: Genero Home [] []
[2017-06-09 21:23:54] my_logger.INFO: Genero Home [] []
[2017-06-09 21:23:54] my_logger.INFO: Genero Home [] []
[2017-06-09 21:24:04] my_logger.INFO: Genero Home [] []
[2017-06-09 21:26:07] my_logger.INFO: Genero Home [] []
[2017-06-09 21:26:08] my_logger.INFO: Genero Home [] []
[2017-06-09 21:26:26] my_logger.INFO: Genero Home [] []
[2017-06-09 21:27:08] my_logger.INFO: Genero Home [] []
[2017-06-09 21:27:10] my_logger.INFO: Genero Home [] []
[2017-06-09 21:29:38] my_logger.INFO: Genero Home [] []
[2017-06-09 21:29:39] my_logger.INFO: Genero Home [] []
[2017-06-09 21:32:00] my_logger.INFO: Genero Home [] []
[2017-06-09 21:33:56] my_logger.INFO: Genero Home [] []
[2017-06-09 21:33:57] my_logger.INFO: Genero Home [] []
[2017-06-09 21:34:55] my_logger.INFO: Genero Home [] []
[2017-06-09 21:35:06] my_logger.INFO: Genero Home [] []
[2017-06-09 21:35:30] my_logger.INFO: Genero Home [] []
[2017-06-09 21:35:32] my_logger.INFO: Genero Home [] []
[2017-06-09 21:36:45] my_logger.INFO: Genero Home [] []
[2017-06-09 21:36:46] my_logger.INFO: Genero Home [] []
[2017-06-09 21:36:55] my_logger.INFO: Genero Home [] []
[2017-06-09 21:36:59] my_logger.INFO: Genero Home [] []
[2017-06-09 21:37:34] my_logger.INFO: Genero Home [] []
[2017-06-09 21:37:34] my_logger.INFO: Genero Home [] []
[2017-06-09 21:37:34] my_logger.INFO: Genero Home [] []
[2017-06-09 21:37:35] my_logger.INFO: Genero Home [] []
[2017-06-09 21:38:44] my_logger.INFO: Genero Home [] []
[2017-06-09 21:39:22] my_logger.INFO: Genero Home [] []
[2017-06-09 21:39:22] my_logger.INFO: Genero Home [] []
[2017-06-09 21:39:22] my_logger.INFO: Genero Home [] []
[2017-06-09 21:40:18] my_logger.INFO: Genero Home [] []
[2017-06-09 21:40:20] my_logger.INFO: Genero Pagina Modifica Post [] []
[2017-06-09 21:40:22] my_logger.INFO: Invio dati  Post modificato al server [] []
[2017-06-09 21:40:22] my_logger.INFO: Genero Home [] []
[2017-06-09 21:41:24] my_logger.INFO: Genero Home [] []
[2017-06-10 09:23:47] my_logger.INFO: Genero Home [] []
[2017-06-10 09:39:34] my_logger.INFO: Genero Home [] []
[2017-06-10 09:40:46] my_logger.INFO: Genero Home [] []
[2017-06-10 09:41:04] my_logger.INFO: Genero Home [] []
[2017-06-10 09:41:12] my_logger.INFO: Genero Home [] []
[2017-06-10 09:41:32] my_logger.INFO: Genero Home [] []
[2017-06-10 09:41:53] my_logger.INFO: Genero Home [] []
[2017-06-10 09:42:19] my_logger.INFO: Genero Home [] []
[2017-06-10 09:42:56] my_logger.INFO: Genero Home [] []
[2017-06-10 09:43:58] my_logger.INFO: Genero Home [] []
[2017-06-10 09:44:06] my_logger.INFO: Genero Home [] []
[2017-06-10 09:44:22] my_logger.INFO: Genero Home [] []
[2017-06-10 09:48:48] my_logger.INFO: Genero Home [] []
[2017-06-10 09:48:54] my_logger.INFO: Genero Home [] []
[2017-06-10 09:55:20] my_logger.INFO: Genero Home [] []
[2017-06-10 09:59:10] my_logger.INFO: Genero Home [] []
[2017-06-10 09:59:29] my_logger.INFO: Genero Home [] []
[2017-06-10 09:59:30] my_logger.INFO: Genero Home [] []
[2017-06-10 09:59:30] my_logger.INFO: Genero Home [] []
[2017-06-10 09:59:37] my_logger.INFO: Genero Home [] []
[2017-06-10 09:59:37] my_logger.INFO: Genero Home [] []
[2017-06-10 09:59:38] my_logger.INFO: Genero Home [] []
[2017-06-10 09:59:42] my_logger.INFO: Genero Home [] []
[2017-06-10 09:59:43] my_logger.INFO: Genero Home [] []
[2017-06-10 10:00:39] my_logger.INFO: Genero Home [] []
[2017-06-10 10:00:47] my_logger.INFO: Genero Home [] []
[2017-06-10 10:00:54] my_logger.INFO: Genero Home [] []
[2017-06-10 10:00:54] my_logger.INFO: Genero Home [] []
[2017-06-10 10:00:57] my_logger.INFO: Genero Home [] []
[2017-06-10 10:01:10] my_logger.INFO: Genero Home [] []
[2017-06-10 10:01:10] my_logger.INFO: Genero Home [] []
[2017-06-10 10:01:58] my_logger.INFO: Genero Home [] []
[2017-06-10 10:02:30] my_logger.INFO: Genero Home [] []
[2017-06-10 10:02:31] my_logger.INFO: Genero Home [] []
[2017-06-10 10:02:35] my_logger.INFO: Genero Home [] []
[2017-06-10 10:02:43] my_logger.INFO: Genero Home [] []
[2017-06-10 10:02:43] my_logger.INFO: Genero Home [] []
[2017-06-10 10:02:44] my_logger.INFO: Genero Home [] []
[2017-06-10 10:04:27] my_logger.INFO: Genero Home [] []
[2017-06-10 10:04:27] my_logger.INFO: Genero Home [] []
[2017-06-10 10:04:28] my_logger.INFO: Genero Home [] []
[2017-06-10 10:06:08] my_logger.INFO: Genero Home [] []
[2017-06-10 10:06:15] my_logger.INFO: Genero Home [] []
[2017-06-10 10:06:34] my_logger.INFO: Genero Home [] []
[2017-06-10 10:07:09] my_logger.INFO: Genero Home [] []
[2017-06-10 10:07:27] my_logger.INFO: Genero Home [] []
[2017-06-10 10:07:48] my_logger.INFO: Genero Home [] []
[2017-06-10 10:08:10] my_logger.INFO: Genero Home [] []
[2017-06-10 11:27:48] my_logger.INFO: Genero Home [] []
[2017-06-10 11:28:30] my_logger.INFO: Genero Home [] []
[2017-06-10 11:29:07] my_logger.INFO: Genero Home [] []
[2017-06-10 11:29:28] my_logger.INFO: Genero Home [] []
[2017-06-10 11:30:05] my_logger.INFO: Genero Home [] []
[2017-06-10 11:30:10] my_logger.INFO: Visualizzo dati specifico Post [] []
[2017-06-10 11:30:39] my_logger.INFO: Genero Home [] []
[2017-06-10 11:31:07] my_logger.INFO: Genero Home [] []
[2017-06-10 11:31:57] my_logger.INFO: Genero Home [] []
[2017-06-10 11:32:31] my_logger.INFO: Genero Home [] []
[2017-06-10 11:32:39] my_logger.INFO: Genero Home [] []
[2017-06-10 11:33:01] my_logger.INFO: Genero Home [] []
[2017-06-10 11:36:40] my_logger.INFO: Genero Home [] []
[2017-06-10 11:36:53] my_logger.INFO: Genero Home [] []
[2017-06-10 11:40:11] my_logger.INFO: Genero Home [] []
[2017-06-10 11:52:16] my_logger.INFO: Genero Home [] []
[2017-06-10 11:52:59] my_logger.INFO: Genero Home [] []
[2017-06-10 11:53:38] my_logger.INFO: Genero Home [] []
[2017-06-10 11:54:04] my_logger.INFO: Genero Home [] []
[2017-06-10 11:54:05] my_logger.INFO: Genero Home [] []
[2017-06-10 11:54:05] my_logger.INFO: Genero Home [] []
[2017-06-10 11:54:17] my_logger.INFO: Genero Home [] []
[2017-06-10 11:54:52] my_logger.INFO: Genero Home [] []
[2017-06-10 11:54:52] my_logger.INFO: Genero Home [] []
[2017-06-10 11:54:52] my_logger.INFO: Genero Home [] []
[2017-06-10 11:54:53] my_logger.INFO: Genero Home [] []
[2017-06-10 11:55:49] my_logger.INFO: Genero Home [] []
[2017-06-10 11:55:50] my_logger.INFO: Genero Home [] []
[2017-06-10 11:55:50] my_logger.INFO: Genero Home [] []
[2017-06-10 11:55:52] my_logger.INFO: Genero Home [] []
[2017-06-10 11:55:53] my_logger.INFO: Genero Home [] []
[2017-06-10 11:55:53] my_logger.INFO: Genero Home [] []
[2017-06-10 11:55:53] my_logger.INFO: Genero Home [] []
[2017-06-10 11:56:08] my_logger.INFO: Genero Home [] []
[2017-06-10 11:56:08] my_logger.INFO: Genero Home [] []
[2017-06-10 11:56:08] my_logger.INFO: Genero Home [] []
[2017-06-10 11:56:12] my_logger.INFO: Genero Home [] []
[2017-06-10 11:56:15] my_logger.INFO: Genero Home [] []
[2017-06-10 11:56:16] my_logger.INFO: Genero Home [] []
[2017-06-10 11:57:21] my_logger.INFO: Genero Home [] []
[2017-06-10 11:57:21] my_logger.INFO: Genero Home [] []
[2017-06-10 11:57:21] my_logger.INFO: Genero Home [] []
[2017-06-10 11:57:21] my_logger.INFO: Genero Home [] []
[2017-06-11 08:51:34] my_logger.INFO: Genero Home [] []
[2017-06-11 08:52:22] my_logger.INFO: Genero Home [] []
[2017-06-11 08:52:24] my_logger.INFO: Genero Home [] []
[2017-06-11 08:53:28] my_logger.INFO: Genero Home [] []
[2017-06-11 09:13:22] my_logger.INFO: Genero Home [] []
[2017-06-11 09:13:49] my_logger.INFO: Genero Home [] []
[2017-06-11 09:13:50] my_logger.INFO: Genero Home [] []
[2017-06-11 09:13:50] my_logger.INFO: Genero Home [] []
[2017-06-11 09:13:50] my_logger.INFO: Genero Home [] []
[2017-06-11 09:16:04] my_logger.INFO: Genero Home [] []
[2017-06-11 09:16:46] my_logger.INFO: Genero Home [] []
[2017-06-11 09:16:50] my_logger.INFO: Visualizzo dati specifico Post [] []
[2017-06-11 09:16:52] my_logger.INFO: Genero Home [] []
[2017-06-11 09:16:53] my_logger.INFO: Visualizzo dati specifico Post [] []
[2017-06-11 09:16:54] my_logger.INFO: Genero Home [] []
[2017-06-11 09:17:01] my_logger.INFO: Genero Home [] []
[2017-06-11 09:17:03] my_logger.INFO: Genero Home [] []
[2017-06-11 09:17:05] my_logger.INFO: Visualizzo dati specifico Post [] []
[2017-06-11 09:17:06] my_logger.INFO: Genero Home [] []
[2017-06-11 09:17:37] my_logger.INFO: Genero Home [] []
[2017-06-11 09:17:37] my_logger.INFO: Genero Home [] []
[2017-06-11 09:17:37] my_logger.INFO: Genero Home [] []
[2017-06-11 09:17:37] my_logger.INFO: Genero Home [] []
[2017-06-11 09:17:39] my_logger.INFO: Visualizzo dati specifico Post [] []
[2017-06-11 09:17:42] my_logger.INFO: Genero Home [] []
[2017-06-11 09:17:55] my_logger.INFO: Genero Home [] []
[2017-06-11 09:17:57] my_logger.INFO: Cancellazione Post [] []
[2017-06-11 09:17:58] my_logger.INFO: Invio dati  Post cancellato al server [] []
[2017-06-11 09:17:58] my_logger.INFO: Genero Home [] []
[2017-06-11 09:18:00] my_logger.INFO: Genero Pagina Modifica Post [] []
[2017-06-11 09:18:04] my_logger.INFO: Invio dati  Post modificato al server [] []
[2017-06-11 09:18:04] my_logger.INFO: Genero Home [] []
[2017-06-11 09:18:06] my_logger.INFO: Genero Pagina Creazione Post [] []
[2017-06-11 09:21:13] my_logger.INFO: Invio dati nuovo Post al server [] []
[2017-06-11 09:21:13] my_logger.INFO: Genero Home [] []
[2017-07-07 13:22:22] my_logger.INFO: Genero Home [] []
[2017-07-07 13:23:42] my_logger.INFO: Genero Home [] []
[2017-07-07 13:56:48] my_logger.INFO: Genero Home [] []
[2017-07-07 14:00:14] my_logger.INFO: Genero Home [] []
[2017-07-15 15:20:04] my_logger.INFO: Genero Home [] []
[2017-07-15 15:20:04] my_logger.INFO: Genero Home [] []
[2017-07-15 15:20:40] my_logger.INFO: Genero Home [] []
[2017-07-15 15:21:51] my_logger.INFO: Genero Home [] []
[2017-07-15 15:22:31] my_logger.INFO: Genero Home [] []
[2017-07-15 15:23:36] my_logger.INFO: Genero Home [] []
[2017-07-15 15:25:34] my_logger.INFO: Genero Home [] []
[2017-07-15 15:25:36] my_logger.INFO: Genero Home [] []
[2017-07-15 15:26:13] my_logger.INFO: Genero Home [] []
[2017-07-15 15:26:13] my_logger.INFO: Genero Home [] []
[2017-07-15 15:26:14] my_logger.INFO: Genero Home [] []
[2017-07-15 15:27:10] my_logger.INFO: Genero Home [] []
[2017-07-15 15:27:11] my_logger.INFO: Genero Home [] []
[2017-07-15 15:27:11] my_logger.INFO: Genero Home [] []
[2017-07-15 15:27:19] my_logger.INFO: Genero Home [] []
[2017-07-15 15:27:29] my_logger.INFO: Genero Home [] []
[2017-07-15 15:28:02] my_logger.INFO: Genero Home [] []
[2017-07-15 15:28:03] my_logger.INFO: Genero Home [] []
[2017-07-15 15:28:29] my_logger.INFO: Genero Home [] []
[2017-07-15 15:28:30] my_logger.INFO: Genero Home [] []
[2017-07-15 15:28:30] my_logger.INFO: Genero Home [] []
[2017-07-15 15:28:31] my_logger.INFO: Genero Home [] []
[2017-07-15 15:28:32] my_logger.INFO: Genero Home [] []
[2017-07-15 15:28:33] my_logger.INFO: Genero Home [] []
[2017-07-15 15:28:33] my_logger.INFO: Genero Home [] []
[2017-07-15 15:28:34] my_logger.INFO: Genero Home [] []
[2017-07-15 15:28:49] my_logger.INFO: Genero Home [] []
[2017-07-15 15:28:50] my_logger.INFO: Genero Home [] []
[2017-07-15 15:28:52] my_logger.INFO: Genero Home [] []
[2017-07-15 15:29:01] my_logger.INFO: Genero Home [] []
[2017-07-15 15:29:02] my_logger.INFO: Genero Home [] []
[2017-07-15 15:29:04] my_logger.INFO: Genero Home [] []
[2017-07-15 15:29:25] my_logger.INFO: Genero Home [] []
[2017-07-15 15:29:26] my_logger.INFO: Genero Home [] []
[2017-07-15 15:29:35] my_logger.INFO: Genero Home [] []
[2017-07-15 15:29:37] my_logger.INFO: Genero Home [] []
[2017-07-15 15:31:01] my_logger.INFO: Genero Home [] []
[2017-07-15 15:31:18] my_logger.INFO: Genero Home [] []
[2017-07-15 15:31:19] my_logger.INFO: Genero Home [] []
[2017-07-15 15:31:19] my_logger.INFO: Genero Home [] []
[2017-07-15 15:31:19] my_logger.INFO: Genero Home [] []
[2017-07-15 15:31:20] my_logger.INFO: Genero Home [] []
[2017-07-15 15:31:20] my_logger.INFO: Genero Home [] []
[2017-07-15 15:32:02] my_logger.INFO: Genero Home [] []
[2017-07-15 15:32:04] my_logger.INFO: Genero Home [] []
[2017-07-15 15:32:07] my_logger.INFO: Genero Home [] []
[2017-07-15 15:32:07] my_logger.INFO: Genero Home [] []
[2017-07-15 15:32:07] my_logger.INFO: Genero Home [] []
[2017-07-15 15:32:29] my_logger.INFO: Genero Home [] []
[2017-07-15 15:32:31] my_logger.INFO: Genero Home [] []
[2017-07-15 15:32:33] my_logger.INFO: Genero Home [] []
[2017-07-15 15:32:44] my_logger.INFO: Genero Home [] []
[2017-07-15 15:32:46] my_logger.INFO: Genero Home [] []
[2017-07-15 15:33:43] my_logger.INFO: Genero Home [] []
[2017-07-15 15:33:43] my_logger.INFO: Genero Home [] []
[2017-07-15 15:33:44] my_logger.INFO: Genero Home [] []
[2017-07-15 15:38:46] my_logger.INFO: Genero Home [] []
[2017-07-15 15:38:47] my_logger.INFO: Genero Home [] []
[2017-07-15 15:43:55] my_logger.INFO: Genero Home [] []
[2017-07-15 15:45:09] my_logger.INFO: Genero Home [] []
[2017-07-15 15:51:57] my_logger.INFO: Genero Home [] []
[2017-07-15 15:58:18] my_logger.INFO: Genero Home [] []
[2017-07-15 16:24:37] my_logger.INFO: Genero Home [] []
[2017-07-15 16:37:12] my_logger.INFO: Genero Home [] []
[2017-07-15 16:40:30] my_logger.INFO: Genero Home [] []
[2017-07-15 16:41:51] my_logger.INFO: Genero Home [] []
[2017-07-15 16:41:53] my_logger.INFO: Genero Home [] []
[2017-07-15 16:42:31] my_logger.INFO: Genero Home [] []
[2017-07-15 16:44:06] my_logger.INFO: Genero Home [] []
[2017-07-15 16:44:32] my_logger.INFO: Genero Home [] []
[2017-07-15 16:44:34] my_logger.INFO: Genero Home [] []
[2017-07-15 16:44:35] my_logger.INFO: Genero Home [] []
[2017-07-15 16:44:36] my_logger.INFO: Genero Home [] []
[2017-07-15 16:51:01] my_logger.INFO: Genero Home [] []
[2017-07-15 16:51:04] my_logger.INFO: Genero Pagina Creazione Post [] []
[2017-07-15 16:51:04] my_logger.INFO: Non è stato possibile recuperare lastPostId [] []
[2017-07-15 16:51:08] my_logger.INFO: Invio dati nuovo Post al server [] []
[2017-07-15 16:51:08] my_logger.INFO: Genero Home [] []
[2017-07-15 16:51:10] my_logger.INFO: Cancellazione Post [] []
[2017-07-15 16:51:12] my_logger.INFO: Invio dati  Post cancellato al server [] []
[2017-07-15 16:51:13] my_logger.INFO: Genero Home [] []
[2017-07-15 16:51:14] my_logger.INFO: Genero Pagina Creazione Post [] []
[2017-07-15 16:51:14] my_logger.INFO: Non è stato possibile recuperare lastPostId [] []
[2017-07-15 16:51:17] my_logger.INFO: Invio dati nuovo Post al server [] []
[2017-07-15 16:51:18] my_logger.INFO: Genero Home [] []
[2017-07-15 16:52:17] my_logger.INFO: Genero Pagina Creazione Post [] []
[2017-07-15 16:52:33] my_logger.INFO: Invio dati nuovo Post al server [] []
[2017-07-15 16:52:33] my_logger.INFO: Genero Home [] []
[2017-07-15 17:08:47] my_logger.INFO: Genero Home [] []
[2017-07-15 17:09:06] my_logger.INFO: Genero Home [] []
[2017-07-15 17:09:08] my_logger.INFO: Genero Home [] []
[2017-07-17 16:09:02] my_logger.INFO: Genero Home [] []
[2017-07-17 16:09:47] my_logger.INFO: Genero Pagina Creazione Post [] []
[2017-07-17 16:09:50] my_logger.INFO: Invio dati nuovo Post al server [] []
[2017-07-17 16:09:50] my_logger.INFO: Genero Home [] []
[2017-07-17 16:12:14] my_logger.INFO: Genero Home [] []
[2017-07-17 16:12:15] my_logger.INFO: Genero Home [] []
[2017-07-17 16:12:26] my_logger.INFO: Genero Home [] []
[2017-07-17 16:12:26] my_logger.INFO: Genero Home [] []
[2017-07-17 16:12:58] my_logger.INFO: Genero Home [] []
[2017-07-17 16:14:52] my_logger.INFO: Genero Home [] []
[2017-07-17 16:14:57] my_logger.INFO: Genero Home [] []
[2017-07-17 16:15:51] my_logger.INFO: Genero Home [] []
[2017-07-17 17:16:40] my_logger.INFO: Genero Home [] []
[2017-07-17 17:20:24] my_logger.INFO: Genero Home [] []
[2017-07-17 17:20:26] my_logger.INFO: Genero Pagina Creazione Post [] []
[2017-07-17 17:20:26] my_logger.INFO: Non è stato possibile recuperare lastPostId [] []
[2017-07-17 17:20:31] my_logger.INFO: Invio dati nuovo Post al server [] []
[2017-07-17 17:20:32] my_logger.INFO: Genero Home [] []
[2017-07-17 17:23:04] my_logger.INFO: Genero Home [] []
[2017-07-17 17:23:28] my_logger.INFO: Genero Home [] []
[2017-07-17 17:23:29] my_logger.INFO: Genero Home [] []
[2017-07-17 17:24:06] my_logger.INFO: Genero Home [] []
[2017-07-17 17:24:07] my_logger.INFO: Genero Home [] []
[2017-07-17 17:24:09] my_logger.INFO: Genero Pagina Modifica Post [] []
[2017-07-17 17:24:28] my_logger.INFO: Invio dati  Post modificato al server [] []
[2017-07-17 17:24:29] my_logger.INFO: Genero Home [] []
[2017-07-17 17:26:19] my_logger.INFO: Genero Home [] []
[2017-07-17 17:26:23] my_logger.INFO: Genero Home [] []
[2017-07-17 17:26:24] my_logger.INFO: Genero Home [] []
[2017-07-17 17:26:52] my_logger.INFO: Genero Home [] []
[2017-07-17 17:26:54] my_logger.INFO: Genero Home [] []
[2017-07-17 17:26:55] my_logger.INFO: Genero Home [] []
[2017-07-17 17:28:54] my_logger.INFO: Genero Home [] []
[2017-07-17 17:28:54] my_logger.INFO: Genero Home [] []
[2017-07-17 17:29:10] my_logger.INFO: Genero Home [] []
[2017-07-17 17:29:12] my_logger.INFO: Genero Home [] []
[2017-07-17 17:29:13] my_logger.INFO: Genero Home [] []
[2017-07-17 17:30:01] my_logger.INFO: Genero Home [] []
[2017-07-17 17:30:02] my_logger.INFO: Genero Home [] []
[2017-07-17 17:30:04] my_logger.INFO: Genero Home [] []
[2017-07-17 17:30:17] my_logger.INFO: Genero Home [] []
[2017-07-17 17:32:25] my_logger.INFO: Genero Home [] []
[2017-07-17 17:44:26] my_logger.INFO: Genero Home [] []
[2017-07-17 17:44:28] my_logger.INFO: Genero Home [] []
[2017-07-17 17:44:32] my_logger.INFO: Genero Pagina Modifica Post [] []
[2017-07-17 17:44:36] my_logger.INFO: Genero Home [] []
[2017-07-17 17:44:36] my_logger.INFO: Genero Home [] []
[2017-07-17 17:44:36] my_logger.INFO: Genero Home [] []
[2017-07-17 17:44:41] my_logger.INFO: Genero Home [] []
[2017-07-17 17:45:08] my_logger.INFO: Genero Home [] []
[2017-07-17 17:45:10] my_logger.INFO: Genero Home [] []
[2017-07-17 17:45:11] my_logger.INFO: Genero Home [] []
[2017-07-17 17:45:45] my_logger.INFO: Genero Home [] []
[2017-07-17 17:45:49] my_logger.INFO: Genero Home [] []
[2017-07-17 17:45:57] my_logger.INFO: Genero Home [] []
[2017-07-17 17:46:51] my_logger.INFO: Genero Home [] []
[2017-07-17 17:46:52] my_logger.INFO: Genero Home [] []
[2017-07-17 17:46:54] my_logger.INFO: Genero Home [] []
[2017-07-17 17:47:04] my_logger.INFO: Genero Home [] []
[2017-07-17 17:47:07] my_logger.INFO: Genero Home [] []
[2017-07-17 17:47:47] my_logger.INFO: Genero Pagina Creazione Post [] []
[2017-07-17 17:47:53] my_logger.INFO: Invio dati nuovo Post al server [] []
[2017-07-17 17:47:53] my_logger.INFO: Genero Home [] []
[2017-07-17 17:48:59] my_logger.INFO: Genero Home [] []
[2017-07-17 17:50:55] my_logger.INFO: Genero Home [] []
[2017-07-17 17:50:59] my_logger.INFO: Genero Home [] []
[2017-07-17 17:51:13] my_logger.INFO: Genero Home [] []
[2017-07-17 17:51:22] my_logger.INFO: Genero Home [] []
[2017-07-17 17:51:24] my_logger.INFO: Genero Home [] []
[2017-07-17 17:51:34] my_logger.INFO: Genero Home [] []
[2017-08-06 09:15:56] my_logger.INFO: Genero Home [] []
[2017-08-06 09:23:46] my_logger.INFO: Genero Home [] []
